{
  "stats": {
    "suites": 1,
    "tests": 1,
    "passes": 0,
    "pending": 0,
    "failures": 1,
    "start": "2022-07-19T08:42:55.274Z",
    "end": "2022-07-19T08:43:00.851Z",
    "duration": 5577,
    "testsRegistered": 1,
    "passPercent": 0,
    "pendingPercent": 0,
    "other": 0,
    "hasOther": false,
    "skipped": 0,
    "hasSkipped": false
  },
  "results": [
    {
      "uuid": "4a9281e2-fc54-4f37-aa0e-a3eb7b1bb2fa",
      "title": "",
      "fullFile": "/Users/shubhagg/Desktop/SeleniumJS/src/fv/app.test2.js",
      "file": "/app.test2.js",
      "beforeHooks": [],
      "afterHooks": [],
      "tests": [],
      "suites": [
        {
          "uuid": "aea14961-d16b-4a3b-8e65-34bfc9525bd9",
          "title": "Verify whether chaijs.com links on home page works correctly",
          "fullFile": "/Users/shubhagg/Desktop/SeleniumJS/src/fv/app.test2.js",
          "file": "/app.test2.js",
          "beforeHooks": [],
          "afterHooks": [],
          "tests": [
            {
              "title": "User should be able to launch home page of chaijs.com",
              "fullTitle": "Verify whether chaijs.com links on home page works correctly User should be able to launch home page of chaijs.com",
              "timedOut": false,
              "duration": 5573,
              "state": "failed",
              "speed": null,
              "pass": false,
              "fail": true,
              "pending": false,
              "context": null,
              "code": "var searchString = \"Learn-Automation\";\n \n       //To wait for browser to build and launch properly\n       let driver = await new Builder().forBrowser(\"chrome\").build();\n \n        //To fetch http://google.com from the browser with our code.\n        await driver.get(\"http://google.com\");\n\n        //To send a search query by passing the value in searchString.\n        await driver.findElement(By.name(\"q\")).sendKeys(searchString,Key.RETURN);\n \n        //Verify the page title and print it\n        var title = await driver.getTitle();\n        console.log('Title is:',title);\n        expect(title).to.be.a('string').\n        and.equal('-Automation - Google Search');\n    \n        //It is always a safe practice to quit the browser after execution\n        await driver.quit();",
              "err": {
                "message": "AssertionError: expected 'Learn-Automation - Google Search' to equal '-Automation - Google Search'",
                "estack": "AssertionError: expected 'Learn-Automation - Google Search' to equal '-Automation - Google Search'\n    at Context.<anonymous> (app.test2.js:28:13)\n    at processTicksAndRejections (node:internal/process/task_queues:96:5)",
                "diff": "- Learn-Automation - Google Search\n+ -Automation - Google Search\n"
              },
              "uuid": "daaa5794-a11c-43ed-babb-5f2855cbb51b",
              "parentUUID": "aea14961-d16b-4a3b-8e65-34bfc9525bd9",
              "isHook": false,
              "skipped": false
            }
          ],
          "suites": [],
          "passes": [],
          "failures": [
            "daaa5794-a11c-43ed-babb-5f2855cbb51b"
          ],
          "pending": [],
          "skipped": [],
          "duration": 5573,
          "root": false,
          "rootEmpty": false,
          "_timeout": 10000
        }
      ],
      "passes": [],
      "failures": [],
      "pending": [],
      "skipped": [],
      "duration": 0,
      "root": true,
      "rootEmpty": true,
      "_timeout": 10000
    }
  ],
  "meta": {
    "mocha": {
      "version": "10.0.0"
    },
    "mochawesome": {
      "options": {
        "quiet": false,
        "reportFilename": "mochawesome",
        "saveHtml": true,
        "saveJson": true,
        "consoleReporter": "spec",
        "useInlineDiffs": false,
        "code": true
      },
      "version": "7.1.3"
    },
    "marge": {
      "options": null,
      "version": "6.2.0"
    }
  }
}